[debug] [2025-10-13T17:04:18.506Z] ----------------------------------------------------------------------
[debug] [2025-10-13T17:04:18.508Z] Command:       /Users/Cley/.nvm/versions/node/v20.19.0/bin/node /Users/Cley/.nvm/versions/node/v20.19.0/bin/firebase init
[debug] [2025-10-13T17:04:18.508Z] CLI Version:   14.19.1
[debug] [2025-10-13T17:04:18.508Z] Platform:      darwin
[debug] [2025-10-13T17:04:18.508Z] Node Version:  v20.19.0
[debug] [2025-10-13T17:04:18.508Z] Time:          Mon Oct 13 2025 13:04:18 GMT-0400 (Eastern Daylight Time)
[debug] [2025-10-13T17:04:18.509Z] ----------------------------------------------------------------------
[debug] 
[info] 
     ######## #### ########  ######## ########     ###     ######  ########
     ##        ##  ##     ## ##       ##     ##  ##   ##  ##       ##
     ######    ##  ########  ######   ########  #########  ######  ######
     ##        ##  ##    ##  ##       ##     ## ##     ##       ## ##
     ##       #### ##     ## ######## ########  ##     ##  ######  ########

You're about to initialize a Firebase project in this directory:

  /Users/Cley/campus-pulse

[info] 
=== Project Setup
[info] 
[info] First, let's associate this project directory with a Firebase project.
[info] You can create multiple project aliases by running firebase use --add, 
[info] 
[debug] [2025-10-13T17:05:21.284Z] > command requires scopes: ["email","openid","https://www.googleapis.com/auth/cloudplatformprojects.readonly","https://www.googleapis.com/auth/firebase","https://www.googleapis.com/auth/cloud-platform"]
[debug] [2025-10-13T17:05:21.285Z] > authorizing via signed-in user (capital.ci.inc@gmail.com)
[debug] [2025-10-13T17:05:21.288Z] Checked if tokens are valid: false, expires at: 1760313509387
[debug] [2025-10-13T17:05:21.288Z] Checked if tokens are valid: false, expires at: 1760313509387
[debug] [2025-10-13T17:05:21.289Z] > refreshing access token with scopes: []
[debug] [2025-10-13T17:05:21.291Z] >>> [apiv2][query] POST https://www.googleapis.com/oauth2/v3/token [none]
[debug] [2025-10-13T17:05:21.292Z] >>> [apiv2][body] POST https://www.googleapis.com/oauth2/v3/token [omitted]
[debug] [2025-10-13T17:05:21.518Z] <<< [apiv2][status] POST https://www.googleapis.com/oauth2/v3/token 200
[debug] [2025-10-13T17:05:21.518Z] <<< [apiv2][body] POST https://www.googleapis.com/oauth2/v3/token [omitted]
[debug] [2025-10-13T17:05:21.535Z] >>> [apiv2][query] GET https://firebase.googleapis.com/v1beta1/projects pageSize=100
[debug] [2025-10-13T17:05:21.977Z] <<< [apiv2][status] GET https://firebase.googleapis.com/v1beta1/projects 200
[debug] [2025-10-13T17:05:21.977Z] <<< [apiv2][body] GET https://firebase.googleapis.com/v1beta1/projects [omitted]
[info] 
=== Dataconnect Setup
[debug] [2025-10-13T17:05:29.609Z] Checked if tokens are valid: true, expires at: 1760378720518
[debug] [2025-10-13T17:05:29.609Z] Checked if tokens are valid: true, expires at: 1760378720518
[debug] [2025-10-13T17:05:29.609Z] >>> [apiv2][query] GET https://cloudbilling.googleapis.com/v1/projects/campus-14547/billingInfo [none]
[debug] [2025-10-13T17:05:29.954Z] <<< [apiv2][status] GET https://cloudbilling.googleapis.com/v1/projects/campus-14547/billingInfo 200
[debug] [2025-10-13T17:05:29.955Z] <<< [apiv2][body] GET https://cloudbilling.googleapis.com/v1/projects/campus-14547/billingInfo {"name":"projects/campus-14547/billingInfo","projectId":"campus-14547","billingAccountName":"","billingEnabled":false}
[info] i  dataconnect: ensuring required API firebasedataconnect.googleapis.com is enabled... 
[debug] [2025-10-13T17:05:29.957Z] Checked if tokens are valid: true, expires at: 1760378720518
[debug] [2025-10-13T17:05:29.957Z] Checked if tokens are valid: true, expires at: 1760378720518
[info] i  dataconnect: ensuring required API sqladmin.googleapis.com is enabled... 
[debug] [2025-10-13T17:05:29.958Z] Checked if tokens are valid: true, expires at: 1760378720518
[debug] [2025-10-13T17:05:29.958Z] Checked if tokens are valid: true, expires at: 1760378720518
[debug] [2025-10-13T17:05:29.959Z] >>> [apiv2][query] GET https://serviceusage.googleapis.com/v1/projects/campus-14547/services/firebasedataconnect.googleapis.com [none]
[debug] [2025-10-13T17:05:29.959Z] >>> [apiv2][(partial)header] GET https://serviceusage.googleapis.com/v1/projects/campus-14547/services/firebasedataconnect.googleapis.com x-goog-quota-user=projects/campus-14547
[debug] [2025-10-13T17:05:29.961Z] >>> [apiv2][query] GET https://serviceusage.googleapis.com/v1/projects/campus-14547/services/sqladmin.googleapis.com [none]
[debug] [2025-10-13T17:05:29.961Z] >>> [apiv2][(partial)header] GET https://serviceusage.googleapis.com/v1/projects/campus-14547/services/sqladmin.googleapis.com x-goog-quota-user=projects/campus-14547
[debug] [2025-10-13T17:05:30.492Z] <<< [apiv2][status] GET https://serviceusage.googleapis.com/v1/projects/campus-14547/services/firebasedataconnect.googleapis.com 200
[debug] [2025-10-13T17:05:30.492Z] <<< [apiv2][body] GET https://serviceusage.googleapis.com/v1/projects/campus-14547/services/firebasedataconnect.googleapis.com [omitted]
[warn] ⚠  dataconnect: missing required API firebasedataconnect.googleapis.com. Enabling now... 
[debug] [2025-10-13T17:05:30.493Z] Checked if tokens are valid: true, expires at: 1760378720518
[debug] [2025-10-13T17:05:30.493Z] Checked if tokens are valid: true, expires at: 1760378720518
[debug] [2025-10-13T17:05:30.493Z] >>> [apiv2][query] POST https://serviceusage.googleapis.com/v1/projects/campus-14547/services/firebasedataconnect.googleapis.com:enable [none]
[debug] [2025-10-13T17:05:30.493Z] >>> [apiv2][(partial)header] POST https://serviceusage.googleapis.com/v1/projects/campus-14547/services/firebasedataconnect.googleapis.com:enable x-goog-quota-user=projects/campus-14547
[debug] [2025-10-13T17:05:31.262Z] <<< [apiv2][status] POST https://serviceusage.googleapis.com/v1/projects/campus-14547/services/firebasedataconnect.googleapis.com:enable 200
[debug] [2025-10-13T17:05:31.262Z] <<< [apiv2][body] POST https://serviceusage.googleapis.com/v1/projects/campus-14547/services/firebasedataconnect.googleapis.com:enable [omitted]
[debug] [2025-10-13T17:05:31.367Z] <<< [apiv2][status] GET https://serviceusage.googleapis.com/v1/projects/campus-14547/services/sqladmin.googleapis.com 200
[debug] [2025-10-13T17:05:31.367Z] <<< [apiv2][body] GET https://serviceusage.googleapis.com/v1/projects/campus-14547/services/sqladmin.googleapis.com [omitted]
[warn] ⚠  dataconnect: missing required API sqladmin.googleapis.com. Enabling now... 
[debug] [2025-10-13T17:05:31.368Z] Checked if tokens are valid: true, expires at: 1760378720518
[debug] [2025-10-13T17:05:31.368Z] Checked if tokens are valid: true, expires at: 1760378720518
[debug] [2025-10-13T17:05:31.368Z] >>> [apiv2][query] POST https://serviceusage.googleapis.com/v1/projects/campus-14547/services/sqladmin.googleapis.com:enable [none]
[debug] [2025-10-13T17:05:31.368Z] >>> [apiv2][(partial)header] POST https://serviceusage.googleapis.com/v1/projects/campus-14547/services/sqladmin.googleapis.com:enable x-goog-quota-user=projects/campus-14547
[debug] [2025-10-13T17:05:32.013Z] <<< [apiv2][status] POST https://serviceusage.googleapis.com/v1/projects/campus-14547/services/sqladmin.googleapis.com:enable 200
[debug] [2025-10-13T17:05:32.014Z] <<< [apiv2][body] POST https://serviceusage.googleapis.com/v1/projects/campus-14547/services/sqladmin.googleapis.com:enable [omitted]
[debug] [2025-10-13T17:05:42.025Z] Checked if tokens are valid: true, expires at: 1760378720518
[debug] [2025-10-13T17:05:42.027Z] Checked if tokens are valid: true, expires at: 1760378720518
[debug] [2025-10-13T17:05:42.028Z] >>> [apiv2][query] GET https://firebasedataconnect.googleapis.com/v1/projects/campus-14547/locations/-/services [none]
[debug] [2025-10-13T17:05:42.747Z] <<< [apiv2][status] GET https://firebasedataconnect.googleapis.com/v1/projects/campus-14547/locations/-/services 200
[debug] [2025-10-13T17:05:42.748Z] <<< [apiv2][body] GET https://firebasedataconnect.googleapis.com/v1/projects/campus-14547/locations/-/services {}
[info] i  : ensuring required API cloudaicompanion.googleapis.com is enabled... 
[debug] [2025-10-13T17:06:30.813Z] Checked if tokens are valid: true, expires at: 1760378720518
[debug] [2025-10-13T17:06:30.814Z] Checked if tokens are valid: true, expires at: 1760378720518
[debug] [2025-10-13T17:06:30.814Z] >>> [apiv2][query] GET https://serviceusage.googleapis.com/v1/projects/campus-14547/services/cloudaicompanion.googleapis.com [none]
[debug] [2025-10-13T17:06:30.814Z] >>> [apiv2][(partial)header] GET https://serviceusage.googleapis.com/v1/projects/campus-14547/services/cloudaicompanion.googleapis.com x-goog-quota-user=projects/campus-14547
[debug] [2025-10-13T17:06:31.330Z] <<< [apiv2][status] GET https://serviceusage.googleapis.com/v1/projects/campus-14547/services/cloudaicompanion.googleapis.com 200
[debug] [2025-10-13T17:06:31.331Z] <<< [apiv2][body] GET https://serviceusage.googleapis.com/v1/projects/campus-14547/services/cloudaicompanion.googleapis.com [omitted]
[info] ✔  : required API cloudaicompanion.googleapis.com is enabled 
[debug] [2025-10-13T17:06:31.342Z] Checked if tokens are valid: true, expires at: 1760378720518
[debug] [2025-10-13T17:06:31.342Z] Checked if tokens are valid: true, expires at: 1760378720518
[debug] [2025-10-13T17:06:31.342Z] >>> [apiv2][query] GET https://firebasedataconnect.googleapis.com/v1/projects/campus-14547/locations [none]
[debug] [2025-10-13T17:06:31.814Z] <<< [apiv2][status] GET https://firebasedataconnect.googleapis.com/v1/projects/campus-14547/locations 200
[debug] [2025-10-13T17:06:31.814Z] <<< [apiv2][body] GET https://firebasedataconnect.googleapis.com/v1/projects/campus-14547/locations {"locations":[{"name":"projects/campus-14547/locations/asia-east1","locationId":"asia-east1","displayName":"Taiwan"},{"name":"projects/campus-14547/locations/asia-east2","locationId":"asia-east2","displayName":"Hong Kong"},{"name":"projects/campus-14547/locations/asia-northeast1","locationId":"asia-northeast1","displayName":"Tokyo"},{"name":"projects/campus-14547/locations/asia-northeast2","locationId":"asia-northeast2","displayName":"Osaka"},{"name":"projects/campus-14547/locations/asia-northeast3","locationId":"asia-northeast3","displayName":"Seoul"},{"name":"projects/campus-14547/locations/asia-south1","locationId":"asia-south1","displayName":"Mumbai"},{"name":"projects/campus-14547/locations/asia-southeast1","locationId":"asia-southeast1","displayName":"Singapore"},{"name":"projects/campus-14547/locations/asia-southeast2","locationId":"asia-southeast2","displayName":"Jakarta"},{"name":"projects/campus-14547/locations/australia-southeast1","locationId":"australia-southeast1","displayName":"Sydney"},{"name":"projects/campus-14547/locations/australia-southeast2","locationId":"australia-southeast2","displayName":"Melbourne"},{"name":"projects/campus-14547/locations/europe-central2","locationId":"europe-central2","displayName":"Warsaw"},{"name":"projects/campus-14547/locations/europe-north1","locationId":"europe-north1","displayName":"Finland"},{"name":"projects/campus-14547/locations/europe-southwest1","locationId":"europe-southwest1","displayName":"Madrid"},{"name":"projects/campus-14547/locations/europe-west1","locationId":"europe-west1","displayName":"Belgium"},{"name":"projects/campus-14547/locations/europe-west2","locationId":"europe-west2","displayName":"London"},{"name":"projects/campus-14547/locations/europe-west3","locationId":"europe-west3","displayName":"Frankfurt"},{"name":"projects/campus-14547/locations/europe-west4","locationId":"europe-west4","displayName":"Netherlands"},{"name":"projects/campus-14547/locations/europe-west6","locationId":"europe-west6","displayName":"Zurich"},{"name":"projects/campus-14547/locations/europe-west8","locationId":"europe-west8","displayName":"Milan"},{"name":"projects/campus-14547/locations/europe-west9","locationId":"europe-west9","displayName":"Paris"},{"name":"projects/campus-14547/locations/me-west1","locationId":"me-west1","displayName":"Tel Aviv"},{"name":"projects/campus-14547/locations/northamerica-northeast1","locationId":"northamerica-northeast1","displayName":"Montréal"},{"name":"projects/campus-14547/locations/northamerica-northeast2","locationId":"northamerica-northeast2","displayName":"Toronto"},{"name":"projects/campus-14547/locations/southamerica-east1","locationId":"southamerica-east1","displayName":"São Paulo"},{"name":"projects/campus-14547/locations/southamerica-west1","locationId":"southamerica-west1","displayName":"Santiago"},{"name":"projects/campus-14547/locations/us-central1","locationId":"us-central1","displayName":"Iowa"},{"name":"projects/campus-14547/locations/us-east1","locationId":"us-east1","displayName":"South Carolina"},{"name":"projects/campus-14547/locations/us-east4","locationId":"us-east4","displayName":"Northern Virginia"},{"name":"projects/campus-14547/locations/us-south1","locationId":"us-south1","displayName":"Dallas"},{"name":"projects/campus-14547/locations/us-west1","locationId":"us-west1","displayName":"Oregon"},{"name":"projects/campus-14547/locations/us-west2","locationId":"us-west2","displayName":"Los Angeles"},{"name":"projects/campus-14547/locations/us-west3","locationId":"us-west3","displayName":"Salt Lake City"},{"name":"projects/campus-14547/locations/us-west4","locationId":"us-west4","displayName":"Las Vegas"}]}
[debug] [2025-10-13T17:06:52.827Z] SyntaxError: Unexpected end of JSON input
    at JSON.parse (<anonymous>)
    at packageJsonToWebApp (/Users/Cley/.nvm/versions/node/v20.19.0/lib/node_modules/firebase-tools/lib/dataconnect/appFinder.js:68:30)
    at async Promise.all (index 2)
    at async detectApps (/Users/Cley/.nvm/versions/node/v20.19.0/lib/node_modules/firebase-tools/lib/dataconnect/appFinder.js:41:21)
    at async chooseApp (/Users/Cley/.nvm/versions/node/v20.19.0/lib/node_modules/firebase-tools/lib/init/features/dataconnect/sdk.js:68:16)
    at async Object.askQuestions (/Users/Cley/.nvm/versions/node/v20.19.0/lib/node_modules/firebase-tools/lib/init/features/dataconnect/sdk.js:27:17)
    at async Object.askQuestions (/Users/Cley/.nvm/versions/node/v20.19.0/lib/node_modules/firebase-tools/lib/init/features/dataconnect/index.js:86:5)
    at async init (/Users/Cley/.nvm/versions/node/v20.19.0/lib/node_modules/firebase-tools/lib/init/index.js:77:17)
    at async Command.initAction [as actionFn] (/Users/Cley/.nvm/versions/node/v20.19.0/lib/node_modules/firebase-tools/lib/commands/init.js:219:5)
[error] 
[error] Error: An unexpected error has occurred.
[debug] [2025-10-13T17:07:12.046Z] ----------------------------------------------------------------------
[debug] [2025-10-13T17:07:12.054Z] Command:       /Users/Cley/.nvm/versions/node/v20.19.0/bin/node /Users/Cley/.nvm/versions/node/v20.19.0/bin/firebase init
[debug] [2025-10-13T17:07:12.054Z] CLI Version:   14.19.1
[debug] [2025-10-13T17:07:12.054Z] Platform:      darwin
[debug] [2025-10-13T17:07:12.054Z] Node Version:  v20.19.0
[debug] [2025-10-13T17:07:12.054Z] Time:          Mon Oct 13 2025 13:07:12 GMT-0400 (Eastern Daylight Time)
[debug] [2025-10-13T17:07:12.054Z] ----------------------------------------------------------------------
[debug] 
[info] 
     ######## #### ########  ######## ########     ###     ######  ########
     ##        ##  ##     ## ##       ##     ##  ##   ##  ##       ##
     ######    ##  ########  ######   ########  #########  ######  ######
     ##        ##  ##    ##  ##       ##     ## ##     ##       ## ##
     ##       #### ##     ## ######## ########  ##     ##  ######  ########

You're about to initialize a Firebase project in this directory:

  /Users/Cley/campus-pulse

[info] 
=== Project Setup
[info] 
[info] First, let's associate this project directory with a Firebase project.
[info] You can create multiple project aliases by running firebase use --add, 
[info] 
[debug] [2025-10-13T17:07:26.268Z] > command requires scopes: ["email","openid","https://www.googleapis.com/auth/cloudplatformprojects.readonly","https://www.googleapis.com/auth/firebase","https://www.googleapis.com/auth/cloud-platform"]
[debug] [2025-10-13T17:07:26.269Z] > authorizing via signed-in user (capital.ci.inc@gmail.com)
[debug] [2025-10-13T17:07:26.270Z] Checked if tokens are valid: true, expires at: 1760378720518
[debug] [2025-10-13T17:07:26.270Z] Checked if tokens are valid: true, expires at: 1760378720518
[debug] [2025-10-13T17:07:26.272Z] >>> [apiv2][query] GET https://firebase.googleapis.com/v1beta1/projects/campus-14547 [none]
[debug] [2025-10-13T17:07:26.625Z] <<< [apiv2][status] GET https://firebase.googleapis.com/v1beta1/projects/campus-14547 200
[debug] [2025-10-13T17:07:26.625Z] <<< [apiv2][body] GET https://firebase.googleapis.com/v1beta1/projects/campus-14547 {"projectId":"campus-14547","projectNumber":"1006561956661","displayName":"Campus","name":"projects/campus-14547","resources":{"hostingSite":"campus-14547"},"state":"ACTIVE","etag":"1_c49796fe-c5a2-477e-ae65-87199929b252"}
[info] i  Using project campus-14547 (Campus) . 
[info] 
=== Dataconnect Setup
[debug] [2025-10-13T17:07:26.763Z] Checked if tokens are valid: true, expires at: 1760378720518
[debug] [2025-10-13T17:07:26.763Z] Checked if tokens are valid: true, expires at: 1760378720518
[debug] [2025-10-13T17:07:26.763Z] >>> [apiv2][query] GET https://cloudbilling.googleapis.com/v1/projects/campus-14547/billingInfo [none]
[debug] [2025-10-13T17:07:27.083Z] <<< [apiv2][status] GET https://cloudbilling.googleapis.com/v1/projects/campus-14547/billingInfo 200
[debug] [2025-10-13T17:07:27.083Z] <<< [apiv2][body] GET https://cloudbilling.googleapis.com/v1/projects/campus-14547/billingInfo {"name":"projects/campus-14547/billingInfo","projectId":"campus-14547","billingAccountName":"","billingEnabled":false}
[info] i  dataconnect: ensuring required API firebasedataconnect.googleapis.com is enabled... 
[info] i  dataconnect: ensuring required API sqladmin.googleapis.com is enabled... 
[debug] [2025-10-13T17:07:27.086Z] Checked if tokens are valid: true, expires at: 1760378720518
[debug] [2025-10-13T17:07:27.086Z] Checked if tokens are valid: true, expires at: 1760378720518
[debug] [2025-10-13T17:07:27.086Z] >>> [apiv2][query] GET https://firebasedataconnect.googleapis.com/v1/projects/campus-14547/locations/-/services [none]
[debug] [2025-10-13T17:07:27.736Z] <<< [apiv2][status] GET https://firebasedataconnect.googleapis.com/v1/projects/campus-14547/locations/-/services 200
[debug] [2025-10-13T17:07:27.737Z] <<< [apiv2][body] GET https://firebasedataconnect.googleapis.com/v1/projects/campus-14547/locations/-/services {}
[debug] [2025-10-13T17:07:33.984Z] SyntaxError: Unexpected end of JSON input
    at JSON.parse (<anonymous>)
    at packageJsonToWebApp (/Users/Cley/.nvm/versions/node/v20.19.0/lib/node_modules/firebase-tools/lib/dataconnect/appFinder.js:68:30)
    at async Promise.all (index 2)
    at async detectApps (/Users/Cley/.nvm/versions/node/v20.19.0/lib/node_modules/firebase-tools/lib/dataconnect/appFinder.js:41:21)
    at async chooseApp (/Users/Cley/.nvm/versions/node/v20.19.0/lib/node_modules/firebase-tools/lib/init/features/dataconnect/sdk.js:68:16)
    at async Object.askQuestions (/Users/Cley/.nvm/versions/node/v20.19.0/lib/node_modules/firebase-tools/lib/init/features/dataconnect/sdk.js:27:17)
    at async Object.askQuestions (/Users/Cley/.nvm/versions/node/v20.19.0/lib/node_modules/firebase-tools/lib/init/features/dataconnect/index.js:86:5)
    at async init (/Users/Cley/.nvm/versions/node/v20.19.0/lib/node_modules/firebase-tools/lib/init/index.js:77:17)
    at async Command.initAction [as actionFn] (/Users/Cley/.nvm/versions/node/v20.19.0/lib/node_modules/firebase-tools/lib/commands/init.js:219:5)
[error] 
[error] Error: An unexpected error has occurred.
[debug] [2025-10-13T17:07:37.169Z] ----------------------------------------------------------------------
[debug] [2025-10-13T17:07:37.171Z] Command:       /Users/Cley/.nvm/versions/node/v20.19.0/bin/node /Users/Cley/.nvm/versions/node/v20.19.0/bin/firebase init
[debug] [2025-10-13T17:07:37.171Z] CLI Version:   14.19.1
[debug] [2025-10-13T17:07:37.171Z] Platform:      darwin
[debug] [2025-10-13T17:07:37.171Z] Node Version:  v20.19.0
[debug] [2025-10-13T17:07:37.171Z] Time:          Mon Oct 13 2025 13:07:37 GMT-0400 (Eastern Daylight Time)
[debug] [2025-10-13T17:07:37.171Z] ----------------------------------------------------------------------
[debug] 
[info] 
     ######## #### ########  ######## ########     ###     ######  ########
     ##        ##  ##     ## ##       ##     ##  ##   ##  ##       ##
     ######    ##  ########  ######   ########  #########  ######  ######
     ##        ##  ##    ##  ##       ##     ## ##     ##       ## ##
     ##       #### ##     ## ######## ########  ##     ##  ######  ########

You're about to initialize a Firebase project in this directory:

  /Users/Cley/campus-pulse

[info] 
=== Project Setup
[info] 
[info] First, let's associate this project directory with a Firebase project.
[info] You can create multiple project aliases by running firebase use --add, 
[info] 
[debug] [2025-10-13T17:07:40.162Z] > command requires scopes: ["email","openid","https://www.googleapis.com/auth/cloudplatformprojects.readonly","https://www.googleapis.com/auth/firebase","https://www.googleapis.com/auth/cloud-platform"]
[debug] [2025-10-13T17:07:40.163Z] > authorizing via signed-in user (capital.ci.inc@gmail.com)
[debug] [2025-10-13T17:07:40.164Z] Checked if tokens are valid: true, expires at: 1760378720518
[debug] [2025-10-13T17:07:40.165Z] Checked if tokens are valid: true, expires at: 1760378720518
[debug] [2025-10-13T17:07:40.166Z] >>> [apiv2][query] GET https://firebase.googleapis.com/v1beta1/projects/campus-14547 [none]
[debug] [2025-10-13T17:07:40.481Z] <<< [apiv2][status] GET https://firebase.googleapis.com/v1beta1/projects/campus-14547 200
[debug] [2025-10-13T17:07:40.481Z] <<< [apiv2][body] GET https://firebase.googleapis.com/v1beta1/projects/campus-14547 {"projectId":"campus-14547","projectNumber":"1006561956661","displayName":"Campus","name":"projects/campus-14547","resources":{"hostingSite":"campus-14547"},"state":"ACTIVE","etag":"1_c49796fe-c5a2-477e-ae65-87199929b252"}
[info] i  Using project campus-14547 (Campus) . 
[info] 
=== Dataconnect Setup
[debug] [2025-10-13T17:07:40.653Z] Checked if tokens are valid: true, expires at: 1760378720518
[debug] [2025-10-13T17:07:40.653Z] Checked if tokens are valid: true, expires at: 1760378720518
[debug] [2025-10-13T17:07:40.653Z] >>> [apiv2][query] GET https://cloudbilling.googleapis.com/v1/projects/campus-14547/billingInfo [none]
[debug] [2025-10-13T17:07:41.039Z] <<< [apiv2][status] GET https://cloudbilling.googleapis.com/v1/projects/campus-14547/billingInfo 200
[debug] [2025-10-13T17:07:41.040Z] <<< [apiv2][body] GET https://cloudbilling.googleapis.com/v1/projects/campus-14547/billingInfo {"name":"projects/campus-14547/billingInfo","projectId":"campus-14547","billingAccountName":"","billingEnabled":false}
[info] i  dataconnect: ensuring required API firebasedataconnect.googleapis.com is enabled... 
[info] i  dataconnect: ensuring required API sqladmin.googleapis.com is enabled... 
[debug] [2025-10-13T17:07:41.042Z] Checked if tokens are valid: true, expires at: 1760378720518
[debug] [2025-10-13T17:07:41.042Z] Checked if tokens are valid: true, expires at: 1760378720518
[debug] [2025-10-13T17:07:41.043Z] >>> [apiv2][query] GET https://firebasedataconnect.googleapis.com/v1/projects/campus-14547/locations/-/services [none]
[debug] [2025-10-13T17:07:41.666Z] <<< [apiv2][status] GET https://firebasedataconnect.googleapis.com/v1/projects/campus-14547/locations/-/services 200
[debug] [2025-10-13T17:07:41.666Z] <<< [apiv2][body] GET https://firebasedataconnect.googleapis.com/v1/projects/campus-14547/locations/-/services {}
[info] i  : ensuring required API cloudaicompanion.googleapis.com is enabled... 
[debug] [2025-10-13T17:07:46.811Z] Checked if tokens are valid: true, expires at: 1760378720518
[debug] [2025-10-13T17:07:46.811Z] Checked if tokens are valid: true, expires at: 1760378720518
[debug] [2025-10-13T17:07:46.811Z] >>> [apiv2][query] GET https://firebasedataconnect.googleapis.com/v1/projects/campus-14547/locations [none]
[debug] [2025-10-13T17:07:47.285Z] <<< [apiv2][status] GET https://firebasedataconnect.googleapis.com/v1/projects/campus-14547/locations 200
[debug] [2025-10-13T17:07:47.286Z] <<< [apiv2][body] GET https://firebasedataconnect.googleapis.com/v1/projects/campus-14547/locations {"locations":[{"name":"projects/campus-14547/locations/asia-east1","locationId":"asia-east1","displayName":"Taiwan"},{"name":"projects/campus-14547/locations/asia-east2","locationId":"asia-east2","displayName":"Hong Kong"},{"name":"projects/campus-14547/locations/asia-northeast1","locationId":"asia-northeast1","displayName":"Tokyo"},{"name":"projects/campus-14547/locations/asia-northeast2","locationId":"asia-northeast2","displayName":"Osaka"},{"name":"projects/campus-14547/locations/asia-northeast3","locationId":"asia-northeast3","displayName":"Seoul"},{"name":"projects/campus-14547/locations/asia-south1","locationId":"asia-south1","displayName":"Mumbai"},{"name":"projects/campus-14547/locations/asia-southeast1","locationId":"asia-southeast1","displayName":"Singapore"},{"name":"projects/campus-14547/locations/asia-southeast2","locationId":"asia-southeast2","displayName":"Jakarta"},{"name":"projects/campus-14547/locations/australia-southeast1","locationId":"australia-southeast1","displayName":"Sydney"},{"name":"projects/campus-14547/locations/australia-southeast2","locationId":"australia-southeast2","displayName":"Melbourne"},{"name":"projects/campus-14547/locations/europe-central2","locationId":"europe-central2","displayName":"Warsaw"},{"name":"projects/campus-14547/locations/europe-north1","locationId":"europe-north1","displayName":"Finland"},{"name":"projects/campus-14547/locations/europe-southwest1","locationId":"europe-southwest1","displayName":"Madrid"},{"name":"projects/campus-14547/locations/europe-west1","locationId":"europe-west1","displayName":"Belgium"},{"name":"projects/campus-14547/locations/europe-west2","locationId":"europe-west2","displayName":"London"},{"name":"projects/campus-14547/locations/europe-west3","locationId":"europe-west3","displayName":"Frankfurt"},{"name":"projects/campus-14547/locations/europe-west4","locationId":"europe-west4","displayName":"Netherlands"},{"name":"projects/campus-14547/locations/europe-west6","locationId":"europe-west6","displayName":"Zurich"},{"name":"projects/campus-14547/locations/europe-west8","locationId":"europe-west8","displayName":"Milan"},{"name":"projects/campus-14547/locations/europe-west9","locationId":"europe-west9","displayName":"Paris"},{"name":"projects/campus-14547/locations/me-west1","locationId":"me-west1","displayName":"Tel Aviv"},{"name":"projects/campus-14547/locations/northamerica-northeast1","locationId":"northamerica-northeast1","displayName":"Montréal"},{"name":"projects/campus-14547/locations/northamerica-northeast2","locationId":"northamerica-northeast2","displayName":"Toronto"},{"name":"projects/campus-14547/locations/southamerica-east1","locationId":"southamerica-east1","displayName":"São Paulo"},{"name":"projects/campus-14547/locations/southamerica-west1","locationId":"southamerica-west1","displayName":"Santiago"},{"name":"projects/campus-14547/locations/us-central1","locationId":"us-central1","displayName":"Iowa"},{"name":"projects/campus-14547/locations/us-east1","locationId":"us-east1","displayName":"South Carolina"},{"name":"projects/campus-14547/locations/us-east4","locationId":"us-east4","displayName":"Northern Virginia"},{"name":"projects/campus-14547/locations/us-south1","locationId":"us-south1","displayName":"Dallas"},{"name":"projects/campus-14547/locations/us-west1","locationId":"us-west1","displayName":"Oregon"},{"name":"projects/campus-14547/locations/us-west2","locationId":"us-west2","displayName":"Los Angeles"},{"name":"projects/campus-14547/locations/us-west3","locationId":"us-west3","displayName":"Salt Lake City"},{"name":"projects/campus-14547/locations/us-west4","locationId":"us-west4","displayName":"Las Vegas"}]}
[debug] [2025-10-13T17:10:04.186Z] SyntaxError: Unexpected end of JSON input
    at JSON.parse (<anonymous>)
    at packageJsonToWebApp (/Users/Cley/.nvm/versions/node/v20.19.0/lib/node_modules/firebase-tools/lib/dataconnect/appFinder.js:68:30)
    at async Promise.all (index 2)
    at async detectApps (/Users/Cley/.nvm/versions/node/v20.19.0/lib/node_modules/firebase-tools/lib/dataconnect/appFinder.js:41:21)
    at async chooseApp (/Users/Cley/.nvm/versions/node/v20.19.0/lib/node_modules/firebase-tools/lib/init/features/dataconnect/sdk.js:68:16)
    at async Object.askQuestions (/Users/Cley/.nvm/versions/node/v20.19.0/lib/node_modules/firebase-tools/lib/init/features/dataconnect/sdk.js:27:17)
    at async Object.askQuestions (/Users/Cley/.nvm/versions/node/v20.19.0/lib/node_modules/firebase-tools/lib/init/features/dataconnect/index.js:86:5)
    at async init (/Users/Cley/.nvm/versions/node/v20.19.0/lib/node_modules/firebase-tools/lib/init/index.js:77:17)
    at async Command.initAction [as actionFn] (/Users/Cley/.nvm/versions/node/v20.19.0/lib/node_modules/firebase-tools/lib/commands/init.js:219:5)
[error] 
[error] Error: An unexpected error has occurred.
